00:21:05 **** Incremental Build of configuration Release for project ESP8266 ****
make all 
Building file: ../.ino.cpp
Starting C++ compile
"/home/bmlikota/Apps/eclipse//arduinoPlugin/packages/arduino/tools/avr-gcc/4.9.2-atmel3.5.4-arduino2/bin/avr-g++" -c -g -Os -Wall -Wextra -std=gnu++11 -fpermissive -fno-exceptions -ffunction-sections -fdata-sections -fno-threadsafe-statics -flto -mmcu=atmega328p -DF_CPU=16000000L -DARDUINO=10802 -DARDUINO_AVR_UNO -DARDUINO_ARCH_AVR   -I"/home/bmlikota/Apps/eclipse/arduinoPlugin/packages/arduino/hardware/avr/1.6.20/cores/arduino" -I"/home/bmlikota/Apps/eclipse/arduinoPlugin/packages/arduino/hardware/avr/1.6.20/variants/standard" -I"/home/bmlikota/Apps/eclipse/arduinoPlugin/packages/arduino/hardware/avr/1.6.20/libraries/SoftwareSerial" -I"/home/bmlikota/Apps/eclipse/arduinoPlugin/packages/arduino/hardware/avr/1.6.20/libraries/SoftwareSerial/src" -MMD -MP -MF".ino.cpp.d" -MT".ino.cpp.o" -D__IN_ECLIPSE__=1 -x c++ "../.ino.cpp"  -o  ".ino.cpp.o"
Finished building: ../.ino.cpp
 
Starting combiner
"/home/bmlikota/Apps/eclipse//arduinoPlugin/packages/arduino/tools/avr-gcc/4.9.2-atmel3.5.4-arduino2/bin/avr-gcc" -Wall -Wextra -Os -g -flto -fuse-linker-plugin -Wl,--gc-sections -mmcu=atmega328p -o "/home/bmlikota/Arduino/workspace/ESP8266/Release/ESP8266.elf"    ./.ino.cpp.o ./ESP8266.cpp.o  ./libraries/SoftwareSerial/src/SoftwareSerial.cpp.o   /home/bmlikota/Arduino/workspace/ESP8266/Release/arduino.ar    /home/bmlikota/Arduino/workspace/ESP8266/Release/arduino.ar  "-L/home/bmlikota/Arduino/workspace/ESP8266/Release" -lm
Finished building: ESP8266.elf
 
Do all objcopy commands
"/home/bmlikota/Apps/eclipse//arduinoPlugin/packages/arduino/tools/avr-gcc/4.9.2-atmel3.5.4-arduino2/bin/avr-objcopy" -O ihex -j .eeprom --set-section-flags=.eeprom=alloc,load --no-change-warnings --change-section-lma .eeprom=0  "/home/bmlikota/Arduino/workspace/ESP8266/Release/ESP8266.elf" "/home/bmlikota/Arduino/workspace/ESP8266/Release/ESP8266.eep"
"/home/bmlikota/Apps/eclipse//arduinoPlugin/packages/arduino/tools/avr-gcc/4.9.2-atmel3.5.4-arduino2/bin/avr-objcopy" -O ihex -R .eeprom  "/home/bmlikota/Arduino/workspace/ESP8266/Release/ESP8266.elf" "/home/bmlikota/Arduino/workspace/ESP8266/Release/ESP8266.hex"
Finished building: ESP8266.hex
 
Building target: ESP8266
Printing size:
"/home/bmlikota/Apps/eclipse//arduinoPlugin/packages/arduino/tools/avr-gcc/4.9.2-atmel3.5.4-arduino2/bin/avr-size" -A "/home/bmlikota/Arduino/workspace/ESP8266/Release/ESP8266.elf"
/home/bmlikota/Arduino/workspace/ESP8266/Release/ESP8266.elf  :
section                     size      addr
.data                        678   8388864
.text                      10080         0
.bss                         577   8389542
.comment                      17         0
.note.gnu.avr.deviceinfo      64         0
.debug_aranges               112         0
.debug_info                33038         0
.debug_abbrev               6530         0
.debug_line                 7072         0
.debug_frame                1856         0
.debug_str                  5165         0
.debug_loc                 13977         0
.debug_ranges               1128         0
Total                      80294


Finished building target: ESP8266
 

00:21:05 Build Finished (took 612ms)

